<?xml version="1.0" encoding="UTF-8"?>
<!-- Generated by org.testng.reporters.JUnitReportReporter -->
<testsuite hostname="DESKTOP-TCNUG77" failures="0" tests="1" name="SeleniumClass.SeleniumClass.App" time="10.194" errors="0" timestamp="2024-08-01T20:34:00 IST" skipped="0">
  <testcase classname="SeleniumClass.SeleniumClass.App" name="login" time="10.194"/>
</testsuite> <!-- SeleniumClass.SeleniumClass.App -->
