<?xml version="1.0" encoding="UTF-8"?>
<!-- Generated by org.testng.reporters.JUnitReportReporter -->
<testsuite hostname="DESKTOP-TCNUG77" failures="0" tests="1" name="SeleniumClass.SeleniumClass.AppTest" time="0.023" errors="0" timestamp="2024-08-01T20:44:08 IST" skipped="0">
  <testcase classname="SeleniumClass.SeleniumClass.AppTest" name="testApp" time="0.023"/>
</testsuite> <!-- SeleniumClass.SeleniumClass.AppTest -->
