<?xml version="1.0" encoding="UTF-8"?>
<!-- Generated by org.testng.reporters.JUnitReportReporter -->
<testsuite hostname="DESKTOP-TCNUG77" failures="0" tests="3" name="SeleniumClass.SeleniumClass.TestPage" time="0.048" errors="0" timestamp="2024-08-01T21:08:05 IST" skipped="0">
  <testcase classname="SeleniumClass.SeleniumClass.TestPage" name="testcase2" time="0.034"/>
  <testcase classname="SeleniumClass.SeleniumClass.TestPage" name="testcase1" time="0.003"/>
  <testcase classname="SeleniumClass.SeleniumClass.TestPage" name="testcase3" time="0.011"/>
</testsuite> <!-- SeleniumClass.SeleniumClass.TestPage -->
